<?xml version="1.0" encoding="UTF-8"?>
<coverage generated="1738878969201" clover="3.2.0">
  <project timestamp="1738878969202" name="All files">
    <metrics statements="11" coveredstatements="7" conditionals="4" coveredconditionals="1" methods="2" coveredmethods="0" elements="17" coveredelements="8" complexity="0" loc="11" ncloc="11" packages="1" files="1" classes="1"/>
    <file name="server.js" path="/Users/macpro/Desktop/Last proj/detnation_app/src/server/server.js">
      <metrics statements="11" coveredstatements="7" conditionals="4" coveredconditionals="1" methods="2" coveredmethods="0"/>
      <line num="1" count="1" type="stmt"/>
      <line num="2" count="1" type="stmt"/>
      <line num="3" count="1" type="stmt"/>
      <line num="6" count="1" type="stmt"/>
      <line num="9" count="1" type="stmt"/>
      <line num="10" count="0" type="stmt"/>
      <line num="14" count="1" type="stmt"/>
      <line num="17" count="1" type="cond" truecount="1" falsecount="1"/>
      <line num="18" count="0" type="cond" truecount="0" falsecount="2"/>
      <line num="19" count="0" type="stmt"/>
      <line num="20" count="0" type="stmt"/>
    </file>
  </project>
</coverage>
